2018-12-01 18:20:54,838 - debugLogger - DEBUG - Hello from main
2018-12-01 18:20:54,838 - debugLogger - DEBUG - Reading configuration file
2018-12-01 18:20:54,838 - debugLogger - DEBUG - Attack type = randIngress
2018-12-01 18:20:54,838 - debugLogger - DEBUG - Defense type = adaptive
2018-12-01 18:20:54,838 - debugLogger - DEBUG - Number of Ingress Locations = 1
2018-12-01 18:20:54,838 - debugLogger - DEBUG - Buffer Size per queue = 80 Mb
2018-12-01 18:20:54,838 - debugLogger - DEBUG - Computation capacity per VM  = 10000 Mbps
2018-12-01 18:20:54,838 - debugLogger - DEBUG - Total ISP capacity = 10000 Mbps
2018-12-01 18:20:54,838 - debugLogger - DEBUG - Number of NICs per VM = 1
2018-12-01 18:20:54,838 - debugLogger - DEBUG - Total Attacker capacity = 4000000 Mbps
2018-12-01 18:20:54,839 - debugLogger - DEBUG - Legitimate traffic model = simple
2018-12-01 18:20:54,839 - debugLogger - DEBUG - EPOCH duration = 10 seconds
2018-12-01 18:20:54,839 - debugLogger - DEBUG - Processing delay = 0.1 seconds
2018-12-01 18:20:54,839 - debugLogger - DEBUG - Initialize traffic stats data structures in ISP
2018-12-01 18:20:54,839 - debugLogger - DEBUG - Function: initializeISP- Initializing TRAFFIC_STATS variables
2018-12-01 18:20:54,839 - debugLogger - DEBUG - Initialize capacity of ingress locations depending on the defense type
2018-12-01 18:20:54,839 - debugLogger - DEBUG - Function: initializeAdaptive - Initialize inital capapcity of ingress locations
2018-12-01 18:20:54,839 - debugLogger - DEBUG - Function: initializeAdaptive - Initial capacity of ingress 0 is 10000
2018-12-01 18:20:54,839 - debugLogger - DEBUG - Start legitimate traffic thread
2018-12-01 18:20:54,839 - debugLogger - DEBUG - Function: flowGen
2018-12-01 18:20:54,839 - debugLogger - DEBUG - Function: flowGenSimple
2018-12-01 18:20:54,845 - debugLogger - DEBUG - Start attack traffic thread
2018-12-01 18:20:54,845 - debugLogger - DEBUG - Start stats collection thread
2018-12-01 18:20:54,857 - debugLogger - DEBUG - Hello from thread stats per epoch collection thread
2018-12-01 18:20:54,863 - debugLogger - DEBUG - Thread repeat time = 10
2018-12-01 18:20:54,863 - debugLogger - DEBUG - Thread Function = <function startNewWindow at 0x109212f28>
2018-12-01 18:20:54,870 - debugLogger - DEBUG - Start packet processing thread
2018-12-01 18:20:54,882 - debugLogger - DEBUG - Hello from thread packet processingThread
2018-12-01 18:20:54,882 - debugLogger - DEBUG - Thread repeat time = 0.1
2018-12-01 18:20:54,883 - debugLogger - DEBUG - Thread Function = <function processPacket at 0x1094fcea0>
