BEGUG: 2018/12/03 17:31:40 simulator.go:44: Hello from main
BEGUG: 2018/12/03 17:31:40 simulator.go:46: Reading configuration file
BEGUG: 2018/12/03 17:31:40 simulator.go:50: {
	"attackerType": "randIngress",
	"defenseType": "adaptive",
	"ingreeLoc": 1,
	"VMCapacity": 10000,
	"ISPCapacity": 10000,
	"numNICsVM": 1,
	"attackerCapacity": 4000000,
	"legitimateTraffic": "simple",
	"epochTime": 5,
	"processingDelay": 1,
	"buffSize": 80
}
BEGUG: 2018/12/03 17:31:40 simulator.go:53: Initialize traffic stats data structures in ISP
BEGUG: 2018/12/03 17:31:40 isp.go:14: Function: initializeISP- Initializing TRAFFIC_STATS variables
BEGUG: 2018/12/03 17:31:40 simulator.go:57: Initialize capacity of ingress locations depending on the defense type
BEGUG: 2018/12/03 17:31:40 defense.go:13: Function: initializeAdaptive - Initialize inital capapcity of ingress locations
BEGUG: 2018/12/03 17:31:40 defense.go:27: Function: initializeAdaptive - Initial capacity of ingress 0 = 10000.000000
BEGUG: 2018/12/03 17:31:40 defense.go:28: Function: initializeAdaptive - Packets to dequeue at ingress 0 = 12500000
BEGUG: 2018/12/03 17:31:40 simulator.go:63: Start legitimate traffic thread
BEGUG: 2018/12/03 17:31:40 simulator.go:76: Start packet processing thread - processing delay = 1.000000 ms
BEGUG: 2018/12/03 17:31:40 simulator.go:77: Start stats collection thread - epoch = 5.000000 s
BEGUG: 2018/12/03 17:31:40 benignTraffic.go:44: Function: flowGenSimple - Number of packets to send in 1 second 1250000 with packet length 0.000800 and send rate 1000.000000
BEGUG: 2018/12/03 17:31:40 benignTraffic.go:44: Function: flowGenSimple - Number of packets to send in 1 second 1250000 with packet length 0.000800 and send rate 1000.000000
BEGUG: 2018/12/03 17:31:45 isp.go:80: Function: wastedResources, wasted resources at ingress 0 = 8000.00032 Mbps
BEGUG: 2018/12/03 17:31:45 isp.go:55: Function: countDroppedPackets, dropped Packets at ingress 0 = 0
BEGUG: 2018/12/03 17:31:50 isp.go:80: Function: wastedResources, wasted resources at ingress 0 = 8000 Mbps
BEGUG: 2018/12/03 17:31:50 isp.go:55: Function: countDroppedPackets, dropped Packets at ingress 0 = 0
BEGUG: 2018/12/03 17:31:55 isp.go:80: Function: wastedResources, wasted resources at ingress 0 = 8000 Mbps
BEGUG: 2018/12/03 17:31:55 isp.go:55: Function: countDroppedPackets, dropped Packets at ingress 0 = 0
BEGUG: 2018/12/03 17:32:00 isp.go:80: Function: wastedResources, wasted resources at ingress 0 = 8000 Mbps
BEGUG: 2018/12/03 17:32:00 isp.go:55: Function: countDroppedPackets, dropped Packets at ingress 0 = 0
BEGUG: 2018/12/03 17:32:05 isp.go:80: Function: wastedResources, wasted resources at ingress 0 = 8000 Mbps
BEGUG: 2018/12/03 17:32:05 isp.go:55: Function: countDroppedPackets, dropped Packets at ingress 0 = 0
BEGUG: 2018/12/03 17:32:10 isp.go:80: Function: wastedResources, wasted resources at ingress 0 = 8000 Mbps
BEGUG: 2018/12/03 17:32:10 isp.go:55: Function: countDroppedPackets, dropped Packets at ingress 0 = 0
BEGUG: 2018/12/03 17:33:14 simulator.go:44: Hello from main
BEGUG: 2018/12/03 17:33:14 simulator.go:46: Reading configuration file
BEGUG: 2018/12/03 17:33:14 simulator.go:50: {
	"attackerType": "randIngress",
	"defenseType": "adaptive",
	"ingreeLoc": 1,
	"VMCapacity": 10000,
	"ISPCapacity": 10000,
	"numNICsVM": 1,
	"attackerCapacity": 4000000,
	"legitimateTraffic": "simple",
	"epochTime": 5,
	"processingDelay": 1,
	"buffSize": 80
}
BEGUG: 2018/12/03 17:33:14 simulator.go:53: Initialize traffic stats data structures in ISP
BEGUG: 2018/12/03 17:33:14 isp.go:14: Function: initializeISP- Initializing TRAFFIC_STATS variables
BEGUG: 2018/12/03 17:33:14 simulator.go:57: Initialize capacity of ingress locations depending on the defense type
BEGUG: 2018/12/03 17:33:14 defense.go:13: Function: initializeAdaptive - Initialize inital capapcity of ingress locations
BEGUG: 2018/12/03 17:33:14 defense.go:27: Function: initializeAdaptive - Initial capacity of ingress 0 = 10000.000000
BEGUG: 2018/12/03 17:33:14 defense.go:28: Function: initializeAdaptive - Packets to dequeue at ingress 0 = 12500000
BEGUG: 2018/12/03 17:33:14 simulator.go:63: Start legitimate traffic thread
BEGUG: 2018/12/03 17:33:14 simulator.go:76: Start packet processing thread - processing delay = 1.000000 ms
BEGUG: 2018/12/03 17:33:14 simulator.go:77: Start stats collection thread - epoch = 5.000000 s
BEGUG: 2018/12/03 17:33:14 benignTraffic.go:44: Function: flowGenSimple - Number of packets to send in 1 second 1250000 with packet length 0.000800 and send rate 1000.000000
BEGUG: 2018/12/03 17:33:14 benignTraffic.go:44: Function: flowGenSimple - Number of packets to send in 1 second 1250000 with packet length 0.000800 and send rate 1000.000000
BEGUG: 2018/12/03 17:33:14 benignTraffic.go:44: Function: flowGenSimple - Number of packets to send in 1 second 1250000 with packet length 0.000800 and send rate 1000.000000
BEGUG: 2018/12/03 17:33:19 isp.go:80: Function: wastedResources, wasted resources at ingress 0 = 7996.24576 Mbps
BEGUG: 2018/12/03 17:33:19 isp.go:55: Function: countDroppedPackets, dropped Packets at ingress 0 = 0
BEGUG: 2018/12/03 17:33:24 isp.go:80: Function: wastedResources, wasted resources at ingress 0 = 8161.3248 Mbps
BEGUG: 2018/12/03 17:33:24 isp.go:55: Function: countDroppedPackets, dropped Packets at ingress 0 = 0
BEGUG: 2018/12/03 17:33:29 isp.go:80: Function: wastedResources, wasted resources at ingress 0 = 8164.92064 Mbps
BEGUG: 2018/12/03 17:33:29 isp.go:55: Function: countDroppedPackets, dropped Packets at ingress 0 = 0
BEGUG: 2018/12/03 17:33:34 isp.go:80: Function: wastedResources, wasted resources at ingress 0 = 8165.774719999999 Mbps
BEGUG: 2018/12/03 17:33:34 isp.go:55: Function: countDroppedPackets, dropped Packets at ingress 0 = 0
BEGUG: 2018/12/03 17:33:39 isp.go:80: Function: wastedResources, wasted resources at ingress 0 = 8225.52288 Mbps
BEGUG: 2018/12/03 17:33:39 isp.go:55: Function: countDroppedPackets, dropped Packets at ingress 0 = 0
BEGUG: 2018/12/03 17:33:44 isp.go:80: Function: wastedResources, wasted resources at ingress 0 = 8253.3176 Mbps
BEGUG: 2018/12/03 17:33:44 isp.go:55: Function: countDroppedPackets, dropped Packets at ingress 0 = 0
BEGUG: 2018/12/03 17:33:49 isp.go:80: Function: wastedResources, wasted resources at ingress 0 = 8274.61552 Mbps
BEGUG: 2018/12/03 17:33:49 isp.go:55: Function: countDroppedPackets, dropped Packets at ingress 0 = 0
BEGUG: 2018/12/03 17:33:54 isp.go:80: Function: wastedResources, wasted resources at ingress 0 = 8163.74672 Mbps
BEGUG: 2018/12/03 17:33:54 isp.go:55: Function: countDroppedPackets, dropped Packets at ingress 0 = 0
BEGUG: 2018/12/03 17:33:59 isp.go:80: Function: wastedResources, wasted resources at ingress 0 = 8171.04736 Mbps
BEGUG: 2018/12/03 17:33:59 isp.go:55: Function: countDroppedPackets, dropped Packets at ingress 0 = 0
BEGUG: 2018/12/03 17:34:04 isp.go:80: Function: wastedResources, wasted resources at ingress 0 = 8199.037119999999 Mbps
BEGUG: 2018/12/03 17:34:04 isp.go:55: Function: countDroppedPackets, dropped Packets at ingress 0 = 0
BEGUG: 2018/12/03 17:34:09 isp.go:80: Function: wastedResources, wasted resources at ingress 0 = 8181.6752 Mbps
BEGUG: 2018/12/03 17:34:09 isp.go:55: Function: countDroppedPackets, dropped Packets at ingress 0 = 0
