INFO: 2018/12/03 17:31:45 isp.go:93: STATS FOR WINDOW 0 - START
INFO: 2018/12/03 17:31:45 isp.go:69: packets received per window at ingress 0 = 12499998 Mbps
INFO: 2018/12/03 17:31:45 isp.go:81: Wasted resources at ingress at ingress 0 = 8000.00032 Mbps
INFO: 2018/12/03 17:31:45 isp.go:102: Total Traffic at Ingress 0 = 12499998
INFO: 2018/12/03 17:31:45 isp.go:111: Total UDP Flood at Ingress 0 = 0
INFO: 2018/12/03 17:31:45 isp.go:115: Total TCP Syn at Ingress 0 = 0
INFO: 2018/12/03 17:31:45 isp.go:56: Dropped Packets at ingress 0 = 0
INFO: 2018/12/03 17:31:45 isp.go:125: STATS FOR WINDOW 1 - END 

INFO: 2018/12/03 17:31:50 isp.go:93: STATS FOR WINDOW 1 - START
INFO: 2018/12/03 17:31:50 isp.go:69: packets received per window at ingress 0 = 12500000 Mbps
INFO: 2018/12/03 17:31:50 isp.go:81: Wasted resources at ingress at ingress 0 = 8000 Mbps
INFO: 2018/12/03 17:31:50 isp.go:102: Total Traffic at Ingress 0 = 12500000
INFO: 2018/12/03 17:31:50 isp.go:111: Total UDP Flood at Ingress 0 = 0
INFO: 2018/12/03 17:31:50 isp.go:115: Total TCP Syn at Ingress 0 = 0
INFO: 2018/12/03 17:31:50 isp.go:56: Dropped Packets at ingress 0 = 0
INFO: 2018/12/03 17:31:50 isp.go:125: STATS FOR WINDOW 2 - END 

INFO: 2018/12/03 17:31:55 isp.go:93: STATS FOR WINDOW 2 - START
INFO: 2018/12/03 17:31:55 isp.go:69: packets received per window at ingress 0 = 12500000 Mbps
INFO: 2018/12/03 17:31:55 isp.go:81: Wasted resources at ingress at ingress 0 = 8000 Mbps
INFO: 2018/12/03 17:31:55 isp.go:102: Total Traffic at Ingress 0 = 12500000
INFO: 2018/12/03 17:31:55 isp.go:111: Total UDP Flood at Ingress 0 = 0
INFO: 2018/12/03 17:31:55 isp.go:115: Total TCP Syn at Ingress 0 = 0
INFO: 2018/12/03 17:31:55 isp.go:56: Dropped Packets at ingress 0 = 0
INFO: 2018/12/03 17:31:55 isp.go:125: STATS FOR WINDOW 3 - END 

INFO: 2018/12/03 17:32:00 isp.go:93: STATS FOR WINDOW 3 - START
INFO: 2018/12/03 17:32:00 isp.go:69: packets received per window at ingress 0 = 12500000 Mbps
INFO: 2018/12/03 17:32:00 isp.go:81: Wasted resources at ingress at ingress 0 = 8000 Mbps
INFO: 2018/12/03 17:32:00 isp.go:102: Total Traffic at Ingress 0 = 12500000
INFO: 2018/12/03 17:32:00 isp.go:111: Total UDP Flood at Ingress 0 = 0
INFO: 2018/12/03 17:32:00 isp.go:115: Total TCP Syn at Ingress 0 = 0
INFO: 2018/12/03 17:32:00 isp.go:56: Dropped Packets at ingress 0 = 0
INFO: 2018/12/03 17:32:00 isp.go:125: STATS FOR WINDOW 4 - END 

INFO: 2018/12/03 17:32:05 isp.go:93: STATS FOR WINDOW 4 - START
INFO: 2018/12/03 17:32:05 isp.go:69: packets received per window at ingress 0 = 12500000 Mbps
INFO: 2018/12/03 17:32:05 isp.go:81: Wasted resources at ingress at ingress 0 = 8000 Mbps
INFO: 2018/12/03 17:32:05 isp.go:102: Total Traffic at Ingress 0 = 12500000
INFO: 2018/12/03 17:32:05 isp.go:111: Total UDP Flood at Ingress 0 = 0
INFO: 2018/12/03 17:32:05 isp.go:115: Total TCP Syn at Ingress 0 = 0
INFO: 2018/12/03 17:32:05 isp.go:56: Dropped Packets at ingress 0 = 0
INFO: 2018/12/03 17:32:05 isp.go:125: STATS FOR WINDOW 5 - END 

INFO: 2018/12/03 17:32:10 isp.go:93: STATS FOR WINDOW 5 - START
INFO: 2018/12/03 17:32:10 isp.go:69: packets received per window at ingress 0 = 12500000 Mbps
INFO: 2018/12/03 17:32:10 isp.go:81: Wasted resources at ingress at ingress 0 = 8000 Mbps
INFO: 2018/12/03 17:32:10 isp.go:102: Total Traffic at Ingress 0 = 12500000
INFO: 2018/12/03 17:32:10 isp.go:111: Total UDP Flood at Ingress 0 = 0
INFO: 2018/12/03 17:32:10 isp.go:115: Total TCP Syn at Ingress 0 = 0
INFO: 2018/12/03 17:32:10 isp.go:56: Dropped Packets at ingress 0 = 0
INFO: 2018/12/03 17:32:10 isp.go:125: STATS FOR WINDOW 6 - END 

INFO: 2018/12/03 17:33:19 isp.go:93: STATS FOR WINDOW 0 - START
INFO: 2018/12/03 17:33:19 isp.go:69: packets received per window at ingress 0 = 12523464 Mbps
INFO: 2018/12/03 17:33:19 isp.go:81: Wasted resources at ingress at ingress 0 = 7996.24576 Mbps
INFO: 2018/12/03 17:33:19 isp.go:102: Total Traffic at Ingress 0 = 12523652
INFO: 2018/12/03 17:33:19 isp.go:111: Total UDP Flood at Ingress 0 = 0
INFO: 2018/12/03 17:33:19 isp.go:115: Total TCP Syn at Ingress 0 = 0
INFO: 2018/12/03 17:33:19 isp.go:56: Dropped Packets at ingress 0 = 0
INFO: 2018/12/03 17:33:19 isp.go:125: STATS FOR WINDOW 1 - END 

INFO: 2018/12/03 17:33:24 isp.go:93: STATS FOR WINDOW 1 - START
INFO: 2018/12/03 17:33:24 isp.go:69: packets received per window at ingress 0 = 11491720 Mbps
INFO: 2018/12/03 17:33:24 isp.go:81: Wasted resources at ingress at ingress 0 = 8161.3248 Mbps
INFO: 2018/12/03 17:33:24 isp.go:102: Total Traffic at Ingress 0 = 11491947
INFO: 2018/12/03 17:33:24 isp.go:111: Total UDP Flood at Ingress 0 = 0
INFO: 2018/12/03 17:33:24 isp.go:115: Total TCP Syn at Ingress 0 = 0
INFO: 2018/12/03 17:33:24 isp.go:56: Dropped Packets at ingress 0 = 0
INFO: 2018/12/03 17:33:24 isp.go:125: STATS FOR WINDOW 2 - END 

INFO: 2018/12/03 17:33:29 isp.go:93: STATS FOR WINDOW 2 - START
INFO: 2018/12/03 17:33:29 isp.go:69: packets received per window at ingress 0 = 11469246 Mbps
INFO: 2018/12/03 17:33:29 isp.go:81: Wasted resources at ingress at ingress 0 = 8164.92064 Mbps
INFO: 2018/12/03 17:33:29 isp.go:102: Total Traffic at Ingress 0 = 11469386
INFO: 2018/12/03 17:33:29 isp.go:111: Total UDP Flood at Ingress 0 = 0
INFO: 2018/12/03 17:33:29 isp.go:115: Total TCP Syn at Ingress 0 = 0
INFO: 2018/12/03 17:33:29 isp.go:56: Dropped Packets at ingress 0 = 0
INFO: 2018/12/03 17:33:29 isp.go:125: STATS FOR WINDOW 3 - END 

INFO: 2018/12/03 17:33:34 isp.go:93: STATS FOR WINDOW 3 - START
INFO: 2018/12/03 17:33:34 isp.go:69: packets received per window at ingress 0 = 11463908 Mbps
INFO: 2018/12/03 17:33:34 isp.go:81: Wasted resources at ingress at ingress 0 = 8165.774719999999 Mbps
INFO: 2018/12/03 17:33:34 isp.go:102: Total Traffic at Ingress 0 = 11464113
INFO: 2018/12/03 17:33:34 isp.go:111: Total UDP Flood at Ingress 0 = 0
INFO: 2018/12/03 17:33:34 isp.go:115: Total TCP Syn at Ingress 0 = 0
INFO: 2018/12/03 17:33:34 isp.go:56: Dropped Packets at ingress 0 = 0
INFO: 2018/12/03 17:33:34 isp.go:125: STATS FOR WINDOW 4 - END 

INFO: 2018/12/03 17:33:39 isp.go:93: STATS FOR WINDOW 4 - START
INFO: 2018/12/03 17:33:39 isp.go:69: packets received per window at ingress 0 = 11090482 Mbps
INFO: 2018/12/03 17:33:39 isp.go:81: Wasted resources at ingress at ingress 0 = 8225.52288 Mbps
INFO: 2018/12/03 17:33:39 isp.go:102: Total Traffic at Ingress 0 = 11090872
INFO: 2018/12/03 17:33:39 isp.go:111: Total UDP Flood at Ingress 0 = 0
INFO: 2018/12/03 17:33:39 isp.go:115: Total TCP Syn at Ingress 0 = 0
INFO: 2018/12/03 17:33:39 isp.go:56: Dropped Packets at ingress 0 = 0
INFO: 2018/12/03 17:33:39 isp.go:125: STATS FOR WINDOW 5 - END 

INFO: 2018/12/03 17:33:44 isp.go:93: STATS FOR WINDOW 5 - START
INFO: 2018/12/03 17:33:44 isp.go:69: packets received per window at ingress 0 = 10916765 Mbps
INFO: 2018/12/03 17:33:44 isp.go:81: Wasted resources at ingress at ingress 0 = 8253.3176 Mbps
INFO: 2018/12/03 17:33:44 isp.go:102: Total Traffic at Ingress 0 = 10917145
INFO: 2018/12/03 17:33:44 isp.go:111: Total UDP Flood at Ingress 0 = 0
INFO: 2018/12/03 17:33:44 isp.go:115: Total TCP Syn at Ingress 0 = 0
INFO: 2018/12/03 17:33:44 isp.go:56: Dropped Packets at ingress 0 = 0
INFO: 2018/12/03 17:33:44 isp.go:125: STATS FOR WINDOW 6 - END 

INFO: 2018/12/03 17:33:49 isp.go:93: STATS FOR WINDOW 6 - START
INFO: 2018/12/03 17:33:49 isp.go:69: packets received per window at ingress 0 = 10783653 Mbps
INFO: 2018/12/03 17:33:49 isp.go:81: Wasted resources at ingress at ingress 0 = 8274.61552 Mbps
INFO: 2018/12/03 17:33:49 isp.go:102: Total Traffic at Ingress 0 = 10783714
INFO: 2018/12/03 17:33:49 isp.go:111: Total UDP Flood at Ingress 0 = 0
INFO: 2018/12/03 17:33:49 isp.go:115: Total TCP Syn at Ingress 0 = 0
INFO: 2018/12/03 17:33:49 isp.go:56: Dropped Packets at ingress 0 = 0
INFO: 2018/12/03 17:33:49 isp.go:125: STATS FOR WINDOW 7 - END 

INFO: 2018/12/03 17:33:54 isp.go:93: STATS FOR WINDOW 7 - START
INFO: 2018/12/03 17:33:54 isp.go:69: packets received per window at ingress 0 = 11476583 Mbps
INFO: 2018/12/03 17:33:54 isp.go:81: Wasted resources at ingress at ingress 0 = 8163.74672 Mbps
INFO: 2018/12/03 17:33:54 isp.go:102: Total Traffic at Ingress 0 = 11476766
INFO: 2018/12/03 17:33:54 isp.go:111: Total UDP Flood at Ingress 0 = 0
INFO: 2018/12/03 17:33:54 isp.go:115: Total TCP Syn at Ingress 0 = 0
INFO: 2018/12/03 17:33:54 isp.go:56: Dropped Packets at ingress 0 = 0
INFO: 2018/12/03 17:33:54 isp.go:125: STATS FOR WINDOW 8 - END 

INFO: 2018/12/03 17:33:59 isp.go:93: STATS FOR WINDOW 8 - START
INFO: 2018/12/03 17:33:59 isp.go:69: packets received per window at ingress 0 = 11430954 Mbps
INFO: 2018/12/03 17:33:59 isp.go:81: Wasted resources at ingress at ingress 0 = 8171.04736 Mbps
INFO: 2018/12/03 17:33:59 isp.go:102: Total Traffic at Ingress 0 = 11431183
INFO: 2018/12/03 17:33:59 isp.go:111: Total UDP Flood at Ingress 0 = 0
INFO: 2018/12/03 17:33:59 isp.go:115: Total TCP Syn at Ingress 0 = 0
INFO: 2018/12/03 17:33:59 isp.go:56: Dropped Packets at ingress 0 = 0
INFO: 2018/12/03 17:33:59 isp.go:125: STATS FOR WINDOW 9 - END 

INFO: 2018/12/03 17:34:04 isp.go:93: STATS FOR WINDOW 9 - START
INFO: 2018/12/03 17:34:04 isp.go:69: packets received per window at ingress 0 = 11256018 Mbps
INFO: 2018/12/03 17:34:04 isp.go:81: Wasted resources at ingress at ingress 0 = 8199.037119999999 Mbps
INFO: 2018/12/03 17:34:04 isp.go:102: Total Traffic at Ingress 0 = 11256018
INFO: 2018/12/03 17:34:04 isp.go:111: Total UDP Flood at Ingress 0 = 0
INFO: 2018/12/03 17:34:04 isp.go:115: Total TCP Syn at Ingress 0 = 0
INFO: 2018/12/03 17:34:04 isp.go:56: Dropped Packets at ingress 0 = 0
INFO: 2018/12/03 17:34:04 isp.go:125: STATS FOR WINDOW 10 - END 

INFO: 2018/12/03 17:34:09 isp.go:93: STATS FOR WINDOW 10 - START
INFO: 2018/12/03 17:34:09 isp.go:69: packets received per window at ingress 0 = 11364530 Mbps
INFO: 2018/12/03 17:34:09 isp.go:81: Wasted resources at ingress at ingress 0 = 8181.6752 Mbps
INFO: 2018/12/03 17:34:09 isp.go:102: Total Traffic at Ingress 0 = 11364558
INFO: 2018/12/03 17:34:09 isp.go:111: Total UDP Flood at Ingress 0 = 0
INFO: 2018/12/03 17:34:09 isp.go:115: Total TCP Syn at Ingress 0 = 0
INFO: 2018/12/03 17:34:09 isp.go:56: Dropped Packets at ingress 0 = 0
INFO: 2018/12/03 17:34:09 isp.go:125: STATS FOR WINDOW 11 - END 

